mujer_segura_admin/build/app/intermediates/manifest_merge_blame_file/debug/manifest-merger-blame-debug-report.txt
1<?xml version="1.0" encoding="utf-8"?>
2<manifest xmlns:android="http://schemas.android.com/apk/res/android"
3    package="com.example.mujersegura"
4    android:versionCode="1"
5    android:versionName="1.0.0" >
6
7    <uses-sdk
8        android:minSdkVersion="16"
9        android:targetSdkVersion="28" />
10    <!--
11         Flutter needs it to communicate with the running application
12         to allow setting breakpoints, to provide hot reload, etc.
13    -->
14    <uses-permission android:name="android.permission.INTERNET" />
14-->src/main/AndroidManifest.xml:9:7-68
14-->src/main/AndroidManifest.xml:9:24-66
15    <uses-permission android:name="android.permission.ACCESS_FINE_LOCATION" />
15-->src/main/AndroidManifest.xml:10:5-78
15-->src/main/AndroidManifest.xml:10:22-76
16    <uses-permission android:name="android.permission.ACCESS_COARSE_LOCATION" /> <!-- Although the *SdkVersion is captured in gradle build files, this is required for non gradle builds -->
16-->[:location] AndroidManifest.xml:7:5-81
16-->[:location] AndroidManifest.xml:7:22-78
17    <!-- <uses-sdk android:minSdkVersion="14" /> -->
18    <uses-permission android:name="android.permission.ACCESS_NETWORK_STATE" />
18-->[com.google.firebase:firebase-firestore:18.2.0] AndroidManifest.xml:13:5-79
18-->[com.google.firebase:firebase-firestore:18.2.0] AndroidManifest.xml:13:22-76
19
20    <uses-feature
20-->[com.google.android.gms:play-services-maps:17.0.0] AndroidManifest.xml:26:5-28:35
21        android:glEsVersion="0x00020000"
21-->[com.google.android.gms:play-services-maps:17.0.0] AndroidManifest.xml:27:9-41
22        android:required="true" />
22-->[com.google.android.gms:play-services-maps:17.0.0] AndroidManifest.xml:28:9-32
23
24    <uses-permission android:name="android.permission.WAKE_LOCK" />
24-->[com.google.firebase:firebase-measurement-connector-impl:17.0.2] AndroidManifest.xml:24:5-68
24-->[com.google.firebase:firebase-measurement-connector-impl:17.0.2] AndroidManifest.xml:24:22-65
25    <uses-permission android:name="com.google.android.finsky.permission.BIND_GET_INSTALL_REFERRER_SERVICE" /> <!-- Required by older versions of Google Play services to create IID tokens -->
25-->[com.google.firebase:firebase-analytics:16.0.4] AndroidManifest.xml:26:5-110
25-->[com.google.firebase:firebase-analytics:16.0.4] AndroidManifest.xml:26:22-107
26    <uses-permission android:name="com.google.android.c2dm.permission.RECEIVE" />
26-->[com.google.firebase:firebase-iid:17.0.3] AndroidManifest.xml:26:5-82
26-->[com.google.firebase:firebase-iid:17.0.3] AndroidManifest.xml:26:22-79
27
28    <application
28-->src/main/AndroidManifest.xml:11:5-51:19
29        android:name="io.flutter.app.FlutterApplication"
29-->src/main/AndroidManifest.xml:12:9-57
30        android:appComponentFactory="androidx.core.app.CoreComponentFactory"
30-->[androidx.core:core:1.2.0] AndroidManifest.xml:24:18-86
31        android:debuggable="true"
32        android:icon="@mipmap/ic_launcher"
32-->src/main/AndroidManifest.xml:14:9-43
33        android:label="mujersegura" >
33-->src/main/AndroidManifest.xml:13:9-36
34        <meta-data
34-->src/main/AndroidManifest.xml:15:9-16:70
35            android:name="com.google.android.geo.API_KEY"
35-->src/main/AndroidManifest.xml:15:20-65
36            android:value="AIzaSyDPh2zK764ZBB4aYW85gzFo3Vk1ZJmDlyM" />
36-->src/main/AndroidManifest.xml:16:13-68
37
38        <activity
38-->src/main/AndroidManifest.xml:17:9-45:20
39            android:name="com.example.mujersegura.MainActivity"
39-->src/main/AndroidManifest.xml:18:13-41
40            android:configChanges="orientation|keyboardHidden|keyboard|screenSize|smallestScreenSize|locale|layoutDirection|fontScale|screenLayout|density|uiMode"
40-->src/main/AndroidManifest.xml:21:13-163
41            android:hardwareAccelerated="true"
41-->src/main/AndroidManifest.xml:22:13-47
42            android:launchMode="singleTop"
42-->src/main/AndroidManifest.xml:19:13-43
43            android:theme="@style/LaunchTheme"
43-->src/main/AndroidManifest.xml:20:13-47
44            android:windowSoftInputMode="adjustResize" >
44-->src/main/AndroidManifest.xml:23:13-55
45
46            <!--
47                 Specifies an Android theme to apply to this Activity as soon as
48                 the Android process has started. This theme is visible to the user
49                 while the Flutter UI initializes. After that, this theme continues
50                 to determine the Window background behind the Flutter UI.
51            -->
52            <meta-data
52-->src/main/AndroidManifest.xml:28:13-31:17
53                android:name="io.flutter.embedding.android.NormalTheme"
53-->src/main/AndroidManifest.xml:29:15-70
54                android:resource="@style/NormalTheme" />
54-->src/main/AndroidManifest.xml:30:15-52
55            <!--
56                 Displays an Android View that continues showing the launch screen
57                 Drawable until Flutter paints its first frame, then this splash
58                 screen fades out. A splash screen is useful to avoid any visual
59                 gap between the end of Android's launch screen and the painting of
60                 Flutter's first frame.
61            -->
62            <meta-data
62-->src/main/AndroidManifest.xml:37:13-40:17
63                android:name="io.flutter.embedding.android.SplashScreenDrawable"
63-->src/main/AndroidManifest.xml:38:15-79
64                android:resource="@drawable/launch_background" />
64-->src/main/AndroidManifest.xml:39:15-61
65
66            <intent-filter>
66-->src/main/AndroidManifest.xml:41:13-44:29
67                <action android:name="android.intent.action.MAIN" />
67-->src/main/AndroidManifest.xml:42:17-68
67-->src/main/AndroidManifest.xml:42:25-66
68
69                <category android:name="android.intent.category.LAUNCHER" />
69-->src/main/AndroidManifest.xml:43:17-76
69-->src/main/AndroidManifest.xml:43:27-74
70            </intent-filter>
71        </activity>
72        <!--
73             Don't delete the meta-data below.
74             This is used by the Flutter tool to generate GeneratedPluginRegistrant.java
75        -->
76        <meta-data
76-->src/main/AndroidManifest.xml:48:9-50:33
77            android:name="flutterEmbedding"
77-->src/main/AndroidManifest.xml:49:13-44
78            android:value="2" />
78-->src/main/AndroidManifest.xml:50:13-30
79
80        <service
80-->[com.google.firebase:firebase-firestore:18.2.0] AndroidManifest.xml:17:9-21:19
81            android:name="com.google.firebase.components.ComponentDiscoveryService"
81-->[com.google.firebase:firebase-firestore:18.2.0] AndroidManifest.xml:17:18-89
82            android:exported="false" >
82-->[com.google.firebase:firebase-iid:17.0.3] AndroidManifest.xml:31:13-37
83            <meta-data
83-->[com.google.firebase:firebase-firestore:18.2.0] AndroidManifest.xml:18:13-20:85
84                android:name="com.google.firebase.components:com.google.firebase.firestore.FirestoreRegistrar"
84-->[com.google.firebase:firebase-firestore:18.2.0] AndroidManifest.xml:19:17-111
85                android:value="com.google.firebase.components.ComponentRegistrar" />
85-->[com.google.firebase:firebase-firestore:18.2.0] AndroidManifest.xml:20:17-82
86            <meta-data
86-->[com.google.firebase:firebase-measurement-connector-impl:17.0.2] AndroidManifest.xml:28:13-30:85
87                android:name="com.google.firebase.components:com.google.firebase.analytics.connector.internal.AnalyticsConnectorRegistrar"
87-->[com.google.firebase:firebase-measurement-connector-impl:17.0.2] AndroidManifest.xml:29:17-139
88                android:value="com.google.firebase.components.ComponentRegistrar" />
88-->[com.google.firebase:firebase-measurement-connector-impl:17.0.2] AndroidManifest.xml:30:17-82
89            <meta-data
89-->[com.google.firebase:firebase-iid:17.0.3] AndroidManifest.xml:32:13-34:85
90                android:name="com.google.firebase.components:com.google.firebase.iid.Registrar"
90-->[com.google.firebase:firebase-iid:17.0.3] AndroidManifest.xml:33:17-96
91                android:value="com.google.firebase.components.ComponentRegistrar" />
91-->[com.google.firebase:firebase-iid:17.0.3] AndroidManifest.xml:34:17-82
92        </service> <!-- Needs to be explicitly declared on P+ -->
93        <uses-library
93-->[com.google.android.gms:play-services-maps:17.0.0] AndroidManifest.xml:33:9-35:40
94            android:name="org.apache.http.legacy"
94-->[com.google.android.gms:play-services-maps:17.0.0] AndroidManifest.xml:34:13-50
95            android:required="false" />
95-->[com.google.android.gms:play-services-maps:17.0.0] AndroidManifest.xml:35:13-37
96
97        <receiver
97-->[com.google.firebase:firebase-analytics:16.0.4] AndroidManifest.xml:29:9-33:20
98            android:name="com.google.android.gms.measurement.AppMeasurementReceiver"
98-->[com.google.firebase:firebase-analytics:16.0.4] AndroidManifest.xml:30:13-85
99            android:enabled="true"
99-->[com.google.firebase:firebase-analytics:16.0.4] AndroidManifest.xml:31:13-35
100            android:exported="false" >
100-->[com.google.firebase:firebase-analytics:16.0.4] AndroidManifest.xml:32:13-37
101        </receiver>
102        <receiver
102-->[com.google.firebase:firebase-analytics:16.0.4] AndroidManifest.xml:34:9-42:20
103            android:name="com.google.android.gms.measurement.AppMeasurementInstallReferrerReceiver"
103-->[com.google.firebase:firebase-analytics:16.0.4] AndroidManifest.xml:35:13-100
104            android:enabled="true"
104-->[com.google.firebase:firebase-analytics:16.0.4] AndroidManifest.xml:36:13-35
105            android:exported="true"
105-->[com.google.firebase:firebase-analytics:16.0.4] AndroidManifest.xml:37:13-36
106            android:permission="android.permission.INSTALL_PACKAGES" >
106-->[com.google.firebase:firebase-analytics:16.0.4] AndroidManifest.xml:38:13-69
107            <intent-filter>
107-->[com.google.firebase:firebase-analytics:16.0.4] AndroidManifest.xml:39:13-41:29
108                <action android:name="com.android.vending.INSTALL_REFERRER" />
108-->[com.google.firebase:firebase-analytics:16.0.4] AndroidManifest.xml:40:17-79
108-->[com.google.firebase:firebase-analytics:16.0.4] AndroidManifest.xml:40:25-76
109            </intent-filter>
110        </receiver>
111
112        <service
112-->[com.google.firebase:firebase-analytics:16.0.4] AndroidManifest.xml:44:9-47:40
113            android:name="com.google.android.gms.measurement.AppMeasurementService"
113-->[com.google.firebase:firebase-analytics:16.0.4] AndroidManifest.xml:45:13-84
114            android:enabled="true"
114-->[com.google.firebase:firebase-analytics:16.0.4] AndroidManifest.xml:46:13-35
115            android:exported="false" />
115-->[com.google.firebase:firebase-analytics:16.0.4] AndroidManifest.xml:47:13-37
116        <service
116-->[com.google.firebase:firebase-analytics:16.0.4] AndroidManifest.xml:48:9-52:72
117            android:name="com.google.android.gms.measurement.AppMeasurementJobService"
117-->[com.google.firebase:firebase-analytics:16.0.4] AndroidManifest.xml:49:13-87
118            android:enabled="true"
118-->[com.google.firebase:firebase-analytics:16.0.4] AndroidManifest.xml:50:13-35
119            android:exported="false"
119-->[com.google.firebase:firebase-analytics:16.0.4] AndroidManifest.xml:51:13-37
120            android:permission="android.permission.BIND_JOB_SERVICE" />
120-->[com.google.firebase:firebase-analytics:16.0.4] AndroidManifest.xml:52:13-69
121
122        <receiver
122-->[com.google.firebase:firebase-iid:17.0.3] AndroidManifest.xml:37:9-44:20
123            android:name="com.google.firebase.iid.FirebaseInstanceIdReceiver"
123-->[com.google.firebase:firebase-iid:17.0.3] AndroidManifest.xml:38:13-78
124            android:exported="true"
124-->[com.google.firebase:firebase-iid:17.0.3] AndroidManifest.xml:39:13-36
125            android:permission="com.google.android.c2dm.permission.SEND" >
125-->[com.google.firebase:firebase-iid:17.0.3] AndroidManifest.xml:40:13-73
126            <intent-filter>
126-->[com.google.firebase:firebase-iid:17.0.3] AndroidManifest.xml:41:13-43:29
127                <action android:name="com.google.android.c2dm.intent.RECEIVE" />
127-->[com.google.firebase:firebase-iid:17.0.3] AndroidManifest.xml:42:17-81
127-->[com.google.firebase:firebase-iid:17.0.3] AndroidManifest.xml:42:25-78
128            </intent-filter>
129        </receiver>
130        <!--
131             FirebaseInstanceIdService performs security checks at runtime,
132             no need for explicit permissions despite exported="true"
133        -->
134        <service
134-->[com.google.firebase:firebase-iid:17.0.3] AndroidManifest.xml:50:9-56:19
135            android:name="com.google.firebase.iid.FirebaseInstanceIdService"
135-->[com.google.firebase:firebase-iid:17.0.3] AndroidManifest.xml:51:13-77
136            android:exported="true" >
136-->[com.google.firebase:firebase-iid:17.0.3] AndroidManifest.xml:52:13-36
137            <intent-filter android:priority="-500" >
137-->[com.google.firebase:firebase-iid:17.0.3] AndroidManifest.xml:53:13-55:29
137-->[com.google.firebase:firebase-iid:17.0.3] AndroidManifest.xml:53:28-51
138                <action android:name="com.google.firebase.INSTANCE_ID_EVENT" />
138-->[com.google.firebase:firebase-iid:17.0.3] AndroidManifest.xml:54:17-80
138-->[com.google.firebase:firebase-iid:17.0.3] AndroidManifest.xml:54:25-77
139            </intent-filter>
140        </service>
141
142        <activity
142-->[com.google.android.gms:play-services-base:17.2.1] AndroidManifest.xml:23:9-26:75
143            android:name="com.google.android.gms.common.api.GoogleApiActivity"
143-->[com.google.android.gms:play-services-base:17.2.1] AndroidManifest.xml:24:13-79
144            android:exported="false"
144-->[com.google.android.gms:play-services-base:17.2.1] AndroidManifest.xml:25:13-37
145            android:theme="@android:style/Theme.Translucent.NoTitleBar" />
145-->[com.google.android.gms:play-services-base:17.2.1] AndroidManifest.xml:26:13-72
146
147        <provider
147-->[com.google.firebase:firebase-common:16.1.0] AndroidManifest.xml:12:9-16:39
148            android:name="com.google.firebase.provider.FirebaseInitProvider"
148-->[com.google.firebase:firebase-common:16.1.0] AndroidManifest.xml:13:13-77
149            android:authorities="com.example.mujersegura.firebaseinitprovider"
149-->[com.google.firebase:firebase-common:16.1.0] AndroidManifest.xml:14:13-72
150            android:exported="false"
150-->[com.google.firebase:firebase-common:16.1.0] AndroidManifest.xml:15:13-37
151            android:initOrder="100" />
151-->[com.google.firebase:firebase-common:16.1.0] AndroidManifest.xml:16:13-36
152
153        <meta-data
153-->[com.google.android.gms:play-services-basement:17.2.1] AndroidManifest.xml:23:9-25:69
154            android:name="com.google.android.gms.version"
154-->[com.google.android.gms:play-services-basement:17.2.1] AndroidManifest.xml:24:13-58
155            android:value="@integer/google_play_services_version" />
155-->[com.google.android.gms:play-services-basement:17.2.1] AndroidManifest.xml:25:13-66
156    </application>
157
158</manifest>